<?xml version="1.0" encoding="UTF-8"?>
<!-- Generated by org.testng.reporters.JUnitReportReporter -->
<testsuite hostname="DESKTOP-UM2MPT8" failures="0" tests="10" name="TestScenarios.CommentsAppTest" time="30.153" errors="0" timestamp="2023-09-14T22:16:28 IST" skipped="0">
  <testcase classname="TestScenarios.CommentsAppTest" name="CommentsAppUI" time="1.941"/>
  <system-out/>
  <testcase classname="TestScenarios.CommentsAppTest" name="testCommentsCount" time="3.489"/>
  <system-out/>
  <testcase classname="TestScenarios.CommentsAppTest" name="testCommentsInitial" time="2.378"/>
  <system-out/>
  <testcase classname="TestScenarios.CommentsAppTest" name="testCommentsInitial" time="2.300"/>
  <system-out/>
  <testcase classname="TestScenarios.CommentsAppTest" name="testCommentsInitial" time="2.221"/>
  <system-out/>
  <testcase classname="TestScenarios.CommentsAppTest" name="testCommentsInitial" time="4.090"/>
  <system-out/>
  <testcase classname="TestScenarios.CommentsAppTest" name="testCommentsInitial" time="2.255"/>
  <system-out/>
  <testcase classname="TestScenarios.CommentsAppTest" name="testCommentsAndOrder" time="3.694"/>
  <system-out/>
  <testcase classname="TestScenarios.CommentsAppTest" name="testCommentLikes" time="3.837"/>
  <system-out/>
  <testcase classname="TestScenarios.CommentsAppTest" name="testCommentDeletes" time="3.948"/>
  <system-out/>
</testsuite> <!-- TestScenarios.CommentsAppTest -->
